[05:53:10] [ITEM_LISTED]: FaxMachine listed 1x Player Head for $100.00 on world_nether
[15:48:19] [ITEM_LISTED]: balls listed 1x Golden Apple for $2,000.00 on world_nether
[15:48:50] [ITEM_CANCELLED]: balls cancelled an auction for 1x Golden Apple for $2,000.00 on world_nether
[15:48:50] [ITEM_RETURNED]: Returned 1x Golden Apple to balls on world_nether
[15:49:11] [ITEM_LISTED]: balls listed 5x Iron Ingot for $200.00 on world_nether
[15:49:17] [ITEM_LISTED]: balls listed 5x Iron Ingot for $200.00 on world_nether
[15:49:26] [ITEM_LISTED]: balls listed 5x Iron Ingot for $200.00 on world_nether
[15:49:33] [ITEM_LISTED]: balls listed 5x Iron Ingot for $200.00 on world_nether
[15:49:38] [ITEM_LISTED]: balls listed 5x Iron Ingot for $200.00 on world_nether
[15:53:14] [ITEM_LISTED]: White_Hat listed 1x Player Head for $200.00 on world
[15:53:34] [ITEM_LISTED]: White_Hat listed 1x Player Head for $0.00 on world
[15:53:43] [ITEM_LISTED]: White_Hat listed 3x Player Head for $300.00 on world
[15:53:51] [ITEM_LISTED]: White_Hat listed 1x Player Head for $100.00 on world
[15:56:34] [ITEM_SOLD]: White_Hat sold 1x Player Head to FaxMachine for $0.00 on world
[18:11:56] [ITEM_LISTED]: FaxMachine listed 1x FaxMachine's Head for $100,000.00 on world_nether
[18:13:30] [ITEM_LISTED]: FaxMachine listed 2x Jared_Douglass's Head for $100.00 on world_nether
[18:13:43] [ITEM_CANCELLED]: FaxMachine cancelled an auction for 2x Jared_Douglass's Head for $100.00 on world_nether
[18:13:43] [ITEM_RETURNED]: Returned 2x Jared_Douglass's Head to FaxMachine on world_nether
[18:13:48] [ITEM_LISTED]: FaxMachine listed 2x Jared_Douglass's Head for $200.00 on world_nether
[18:13:57] [ITEM_LISTED]: FaxMachine listed 1x PowerTaco289's Head for $100.00 on world_nether
[18:19:48] [ITEM_SOLD]: White_Hat sold 1x Player Head to O_m_a_r_ for $100.00 on world
[18:23:55] [ITEM_LISTED]: FaxMachine listed 1x Access To My Gold Farm for $100,000.00 on world_nether
